<?xml version="1.0" encoding="UTF-8"?>
<!-- Generated by org.testng.reporters.JUnitXMLReporter -->
<testsuite hostname="LAPTOP-9JP85U77" ignored="0" name="BankingApp Test" tests="1" failures="0" timestamp="22 Nov 2021 02:35:37 GMT" time="4.934" errors="0">
  <testcase name="@BeforeClass setup" time="4.565" classname="com.inetbanking.testCases.BaseClass">
    <failure type="org.openqa.selenium.SessionNotCreatedException" message="session not created: This version of ChromeDriver only supports Chrome version 90
Current browser version is 96.0.4664.45 with binary path C:\Program Files (x86)\Google\Chrome\Application\chrome.exe
Build info: version: &amp;apos;3.14.0&amp;apos;, revision: &amp;apos;aacccce0&amp;apos;, time: &amp;apos;2018-08-02T20:19:58.91Z&amp;apos;
System info: host: &amp;apos;LAPTOP-9JP85U77&amp;apos;, ip: &amp;apos;192.168.1.35&amp;apos;, os.name: &amp;apos;Windows 10&amp;apos;, os.arch: &amp;apos;amd64&amp;apos;, os.version: &amp;apos;10.0&amp;apos;, java.version: &amp;apos;1.8.0_271&amp;apos;
Driver info: driver.version: ChromeDriver
remote stacktrace: Backtrace:
	Ordinal0 [0x00B9C013+2474003]
	Ordinal0 [0x00B329C1+2042305]
	Ordinal0 [0x00A42F68+1060712]
	Ordinal0 [0x00A6188E+1185934]
	Ordinal0 [0x00A5D600+1168896]
	Ordinal0 [0x00A5AA83+1157763]
	Ordinal0 [0x00A8A2A2+1352354]
	Ordinal0 [0x00A88FAA+1347498]
	Ordinal0 [0x00A866DB+1337051]
	Ordinal0 [0x00A63427+1192999]
	Ordinal0 [0x00A642EE+1196782]
	Ordinal0 [0x00A64279+1196665]
	GetHandleVerifier [0x00D296FC+1590332]
	GetHandleVerifier [0x00DD8614+2306900]
	GetHandleVerifier [0x00C29E93+543699]
	GetHandleVerifier [0x00C292CE+540686]
	Ordinal0 [0x00B386BA+2066106]
	Ordinal0 [0x00B3D1C8+2085320]
	Ordinal0 [0x00B3D308+2085640]
	Ordinal0 [0x00B467F3+2123763]
	BaseThreadInitThunk [0x7570FA29+25]
	RtlGetAppContainerNamedObjectPath [0x775C7A9E+286]
	RtlGetAppContainerNamedObjectPath [0x775C7A6E+238]
">
      <![CDATA[org.openqa.selenium.SessionNotCreatedException: session not created: This version of ChromeDriver only supports Chrome version 90
Current browser version is 96.0.4664.45 with binary path C:\Program Files (x86)\Google\Chrome\Application\chrome.exe
Build info: version: '3.14.0', revision: 'aacccce0', time: '2018-08-02T20:19:58.91Z'
System info: host: 'LAPTOP-9JP85U77', ip: '192.168.1.35', os.name: 'Windows 10', os.arch: 'amd64', os.version: '10.0', java.version: '1.8.0_271'
Driver info: driver.version: ChromeDriver
remote stacktrace: Backtrace:
Ordinal0 [0x00B9C013+2474003]
Ordinal0 [0x00B329C1+2042305]
Ordinal0 [0x00A42F68+1060712]
Ordinal0 [0x00A6188E+1185934]
Ordinal0 [0x00A5D600+1168896]
Ordinal0 [0x00A5AA83+1157763]
Ordinal0 [0x00A8A2A2+1352354]
Ordinal0 [0x00A88FAA+1347498]
Ordinal0 [0x00A866DB+1337051]
Ordinal0 [0x00A63427+1192999]
Ordinal0 [0x00A642EE+1196782]
Ordinal0 [0x00A64279+1196665]
GetHandleVerifier [0x00D296FC+1590332]
GetHandleVerifier [0x00DD8614+2306900]
GetHandleVerifier [0x00C29E93+543699]
GetHandleVerifier [0x00C292CE+540686]
Ordinal0 [0x00B386BA+2066106]
Ordinal0 [0x00B3D1C8+2085320]
Ordinal0 [0x00B3D308+2085640]
Ordinal0 [0x00B467F3+2123763]
BaseThreadInitThunk [0x7570FA29+25]
RtlGetAppContainerNamedObjectPath [0x775C7A9E+286]
RtlGetAppContainerNamedObjectPath [0x775C7A6E+238]

at org.openqa.selenium.remote.W3CHandshakeResponse.lambda$new$0(W3CHandshakeResponse.java:57)
at org.openqa.selenium.remote.W3CHandshakeResponse.lambda$getResponseFunction$2(W3CHandshakeResponse.java:104)
at org.openqa.selenium.remote.ProtocolHandshake.lambda$createSession$0(ProtocolHandshake.java:122)
at java.util.stream.ReferencePipeline$3$1.accept(ReferencePipeline.java:193)
at java.util.Spliterators$ArraySpliterator.tryAdvance(Spliterators.java:958)
at java.util.stream.ReferencePipeline.forEachWithCancel(ReferencePipeline.java:126)
at java.util.stream.AbstractPipeline.copyIntoWithCancel(AbstractPipeline.java:499)
at java.util.stream.AbstractPipeline.copyInto(AbstractPipeline.java:486)
at java.util.stream.AbstractPipeline.wrapAndCopyInto(AbstractPipeline.java:472)
at java.util.stream.FindOps$FindOp.evaluateSequential(FindOps.java:152)
at java.util.stream.AbstractPipeline.evaluate(AbstractPipeline.java:234)
at java.util.stream.ReferencePipeline.findFirst(ReferencePipeline.java:464)
at org.openqa.selenium.remote.ProtocolHandshake.createSession(ProtocolHandshake.java:125)
at org.openqa.selenium.remote.ProtocolHandshake.createSession(ProtocolHandshake.java:73)
at org.openqa.selenium.remote.HttpCommandExecutor.execute(HttpCommandExecutor.java:136)
at org.openqa.selenium.remote.service.DriverCommandExecutor.execute(DriverCommandExecutor.java:83)
at org.openqa.selenium.remote.RemoteWebDriver.execute(RemoteWebDriver.java:548)
at org.openqa.selenium.remote.RemoteWebDriver.startSession(RemoteWebDriver.java:212)
at org.openqa.selenium.remote.RemoteWebDriver.<init>(RemoteWebDriver.java:130)
at org.openqa.selenium.chrome.ChromeDriver.<init>(ChromeDriver.java:181)
at org.openqa.selenium.chrome.ChromeDriver.<init>(ChromeDriver.java:168)
at org.openqa.selenium.chrome.ChromeDriver.<init>(ChromeDriver.java:123)
at com.inetbanking.testCases.BaseClass.setup(BaseClass.java:43)
... Removed 30 stack frames]]>
    </failure>
  </testcase> <!-- @BeforeClass setup -->
  <testcase name="@AfterClass tearDown" time="0.0" classname="com.inetbanking.testCases.BaseClass">
    <skipped/>
  </testcase> <!-- @AfterClass tearDown -->
  <testcase name="addNewCustomer" time="0.0" classname="com.inetbanking.testCases.TC_AddCustomerTest_003">
    <skipped/>
  </testcase> <!-- addNewCustomer -->
</testsuite> <!-- BankingApp Test -->
